[0.664s] Invoking command in '/home/andre/ros2_ws/src/my_robot_controller': PYTHONPATH=/home/andre/ros2_ws/src/build/my_robot_controller/prefix_override:/home/andre/ros2_ws/src/install/my_robot_controller/lib/python3.10/site-packages:${PYTHONPATH} /usr/bin/python3 -W ignore:setup.py install is deprecated setup.py egg_info --egg-base ../build/my_robot_controller build --build-base /home/andre/ros2_ws/src/build/my_robot_controller/build install --record /home/andre/ros2_ws/src/build/my_robot_controller/install.log --single-version-externally-managed install_data
[0.900s] running egg_info
[0.901s] writing ../build/my_robot_controller/my_robot_controller.egg-info/PKG-INFO
[0.901s] writing dependency_links to ../build/my_robot_controller/my_robot_controller.egg-info/dependency_links.txt
[0.901s] writing entry points to ../build/my_robot_controller/my_robot_controller.egg-info/entry_points.txt
[0.902s] writing requirements to ../build/my_robot_controller/my_robot_controller.egg-info/requires.txt
[0.902s] writing top-level names to ../build/my_robot_controller/my_robot_controller.egg-info/top_level.txt
[0.903s] reading manifest file '../build/my_robot_controller/my_robot_controller.egg-info/SOURCES.txt'
[0.904s] writing manifest file '../build/my_robot_controller/my_robot_controller.egg-info/SOURCES.txt'
[0.905s] running build
[0.905s] running build_py
[0.905s] running install
[0.905s] running install_lib
[0.906s] running install_data
[0.906s] running install_egg_info
[0.908s] removing '/home/andre/ros2_ws/src/install/my_robot_controller/lib/python3.10/site-packages/my_robot_controller-0.0.0-py3.10.egg-info' (and everything under it)
[0.908s] Copying ../build/my_robot_controller/my_robot_controller.egg-info to /home/andre/ros2_ws/src/install/my_robot_controller/lib/python3.10/site-packages/my_robot_controller-0.0.0-py3.10.egg-info
[0.909s] running install_scripts
[0.930s] writing list of installed files to '/home/andre/ros2_ws/src/build/my_robot_controller/install.log'
[0.962s] Invoked command in '/home/andre/ros2_ws/src/my_robot_controller' returned '0': PYTHONPATH=/home/andre/ros2_ws/src/build/my_robot_controller/prefix_override:/home/andre/ros2_ws/src/install/my_robot_controller/lib/python3.10/site-packages:${PYTHONPATH} /usr/bin/python3 -W ignore:setup.py install is deprecated setup.py egg_info --egg-base ../build/my_robot_controller build --build-base /home/andre/ros2_ws/src/build/my_robot_controller/build install --record /home/andre/ros2_ws/src/build/my_robot_controller/install.log --single-version-externally-managed install_data
