[0.223s] DEBUG:colcon:Command line arguments: ['/usr/bin/colcon', 'list', '-p', '--base-paths', '/home/andre/robo_arm_ws']
[0.224s] DEBUG:colcon:Parsed command line arguments: Namespace(log_base=None, log_level=None, verb_name='list', build_base='build', ignore_user_meta=False, metas=['./colcon.meta'], base_paths=['/home/andre/robo_arm_ws'], packages_ignore=None, packages_ignore_regex=None, paths=None, packages_up_to=None, packages_up_to_regex=None, packages_above=None, packages_above_and_dependencies=None, packages_above_depth=None, packages_select_by_dep=None, packages_skip_by_dep=None, packages_skip_up_to=None, packages_select_build_failed=False, packages_skip_build_finished=False, packages_select_test_failures=False, packages_skip_test_passed=False, packages_select=None, packages_skip=None, packages_select_regex=None, packages_skip_regex=None, packages_start=None, packages_end=None, allow_overriding=[], topological_order=False, names_only=False, paths_only=True, topological_graph=False, topological_graph_dot=False, topological_graph_density=False, topological_graph_legend=False, topological_graph_dot_cluster=False, topological_graph_dot_include_skipped=False, verb_parser=<colcon_defaults.argument_parser.defaults.DefaultArgumentsDecorator object at 0x7ff4738f4d00>, verb_extension=<colcon_package_information.verb.list.ListVerb object at 0x7ff4738cbe20>, main=<bound method ListVerb.main of <colcon_package_information.verb.list.ListVerb object at 0x7ff4738cbe20>>)
[0.666s] Level 1:colcon.colcon_core.package_discovery:discover_packages(colcon_meta) check parameters
[0.666s] Level 1:colcon.colcon_core.package_discovery:discover_packages(recursive) check parameters
[0.667s] Level 1:colcon.colcon_core.package_discovery:discover_packages(ignore) check parameters
[0.667s] Level 1:colcon.colcon_core.package_discovery:discover_packages(path) check parameters
[0.667s] Level 1:colcon.colcon_core.package_discovery:discover_packages(recursive) discover
[0.667s] INFO:colcon.colcon_core.package_discovery:Crawling recursively for packages in '/home/andre/robo_arm_ws'
[0.667s] Level 1:colcon.colcon_core.package_identification:_identify(/home/andre/robo_arm_ws) by extensions ['ignore', 'ignore_ament_install']
[0.667s] Level 1:colcon.colcon_core.package_identification:_identify(/home/andre/robo_arm_ws) by extension 'ignore'
[0.667s] Level 1:colcon.colcon_core.package_identification:_identify(/home/andre/robo_arm_ws) by extension 'ignore_ament_install'
[0.667s] Level 1:colcon.colcon_core.package_identification:_identify(/home/andre/robo_arm_ws) by extensions ['colcon_pkg']
[0.667s] Level 1:colcon.colcon_core.package_identification:_identify(/home/andre/robo_arm_ws) by extension 'colcon_pkg'
[0.668s] Level 1:colcon.colcon_core.package_identification:_identify(/home/andre/robo_arm_ws) by extensions ['colcon_meta']
[0.668s] Level 1:colcon.colcon_core.package_identification:_identify(/home/andre/robo_arm_ws) by extension 'colcon_meta'
[0.668s] Level 1:colcon.colcon_core.package_identification:_identify(/home/andre/robo_arm_ws) by extensions ['ros']
[0.668s] Level 1:colcon.colcon_core.package_identification:_identify(/home/andre/robo_arm_ws) by extension 'ros'
[0.692s] Level 1:colcon.colcon_core.package_identification:_identify(/home/andre/robo_arm_ws) by extensions ['cmake', 'python']
[0.693s] Level 1:colcon.colcon_core.package_identification:_identify(/home/andre/robo_arm_ws) by extension 'cmake'
[0.693s] Level 1:colcon.colcon_core.package_identification:_identify(/home/andre/robo_arm_ws) by extension 'python'
[0.693s] Level 1:colcon.colcon_core.package_identification:_identify(/home/andre/robo_arm_ws) by extensions ['python_setup_py']
[0.693s] Level 1:colcon.colcon_core.package_identification:_identify(/home/andre/robo_arm_ws) by extension 'python_setup_py'
[0.693s] Level 1:colcon.colcon_core.package_identification:_identify(/home/andre/robo_arm_ws/build) by extensions ['ignore', 'ignore_ament_install']
[0.693s] Level 1:colcon.colcon_core.package_identification:_identify(/home/andre/robo_arm_ws/build) by extension 'ignore'
[0.693s] Level 1:colcon.colcon_core.package_identification:_identify(/home/andre/robo_arm_ws/build) ignored
[0.693s] Level 1:colcon.colcon_core.package_identification:_identify(/home/andre/robo_arm_ws/install) by extensions ['ignore', 'ignore_ament_install']
[0.694s] Level 1:colcon.colcon_core.package_identification:_identify(/home/andre/robo_arm_ws/install) by extension 'ignore'
[0.694s] Level 1:colcon.colcon_core.package_identification:_identify(/home/andre/robo_arm_ws/install) ignored
[0.694s] Level 1:colcon.colcon_core.package_identification:_identify(/home/andre/robo_arm_ws/log) by extensions ['ignore', 'ignore_ament_install']
[0.694s] Level 1:colcon.colcon_core.package_identification:_identify(/home/andre/robo_arm_ws/log) by extension 'ignore'
[0.694s] Level 1:colcon.colcon_core.package_identification:_identify(/home/andre/robo_arm_ws/log) ignored
[0.695s] Level 1:colcon.colcon_core.package_identification:_identify(/home/andre/robo_arm_ws/src) by extensions ['ignore', 'ignore_ament_install']
[0.695s] Level 1:colcon.colcon_core.package_identification:_identify(/home/andre/robo_arm_ws/src) by extension 'ignore'
[0.695s] Level 1:colcon.colcon_core.package_identification:_identify(/home/andre/robo_arm_ws/src) by extension 'ignore_ament_install'
[0.695s] Level 1:colcon.colcon_core.package_identification:_identify(/home/andre/robo_arm_ws/src) by extensions ['colcon_pkg']
[0.695s] Level 1:colcon.colcon_core.package_identification:_identify(/home/andre/robo_arm_ws/src) by extension 'colcon_pkg'
[0.695s] Level 1:colcon.colcon_core.package_identification:_identify(/home/andre/robo_arm_ws/src) by extensions ['colcon_meta']
[0.695s] Level 1:colcon.colcon_core.package_identification:_identify(/home/andre/robo_arm_ws/src) by extension 'colcon_meta'
[0.695s] Level 1:colcon.colcon_core.package_identification:_identify(/home/andre/robo_arm_ws/src) by extensions ['ros']
[0.695s] Level 1:colcon.colcon_core.package_identification:_identify(/home/andre/robo_arm_ws/src) by extension 'ros'
[0.696s] Level 1:colcon.colcon_core.package_identification:_identify(/home/andre/robo_arm_ws/src) by extensions ['cmake', 'python']
[0.696s] Level 1:colcon.colcon_core.package_identification:_identify(/home/andre/robo_arm_ws/src) by extension 'cmake'
[0.696s] Level 1:colcon.colcon_core.package_identification:_identify(/home/andre/robo_arm_ws/src) by extension 'python'
[0.696s] Level 1:colcon.colcon_core.package_identification:_identify(/home/andre/robo_arm_ws/src) by extensions ['python_setup_py']
[0.696s] Level 1:colcon.colcon_core.package_identification:_identify(/home/andre/robo_arm_ws/src) by extension 'python_setup_py'
[0.696s] Level 1:colcon.colcon_core.package_identification:_identify(/home/andre/robo_arm_ws/src/welder_control) by extensions ['ignore', 'ignore_ament_install']
[0.696s] Level 1:colcon.colcon_core.package_identification:_identify(/home/andre/robo_arm_ws/src/welder_control) by extension 'ignore'
[0.696s] Level 1:colcon.colcon_core.package_identification:_identify(/home/andre/robo_arm_ws/src/welder_control) by extension 'ignore_ament_install'
[0.696s] Level 1:colcon.colcon_core.package_identification:_identify(/home/andre/robo_arm_ws/src/welder_control) by extensions ['colcon_pkg']
[0.696s] Level 1:colcon.colcon_core.package_identification:_identify(/home/andre/robo_arm_ws/src/welder_control) by extension 'colcon_pkg'
[0.696s] Level 1:colcon.colcon_core.package_identification:_identify(/home/andre/robo_arm_ws/src/welder_control) by extensions ['colcon_meta']
[0.696s] Level 1:colcon.colcon_core.package_identification:_identify(/home/andre/robo_arm_ws/src/welder_control) by extension 'colcon_meta'
[0.697s] Level 1:colcon.colcon_core.package_identification:_identify(/home/andre/robo_arm_ws/src/welder_control) by extensions ['ros']
[0.697s] Level 1:colcon.colcon_core.package_identification:_identify(/home/andre/robo_arm_ws/src/welder_control) by extension 'ros'
[0.701s] DEBUG:colcon.colcon_core.package_identification:Package '/home/andre/robo_arm_ws/src/welder_control' with type 'ros.ament_python' and name 'welder_control'
[0.701s] Level 1:colcon.colcon_core.package_identification:_identify(/home/andre/robo_arm_ws/src/welder_description) by extensions ['ignore', 'ignore_ament_install']
[0.701s] Level 1:colcon.colcon_core.package_identification:_identify(/home/andre/robo_arm_ws/src/welder_description) by extension 'ignore'
[0.701s] Level 1:colcon.colcon_core.package_identification:_identify(/home/andre/robo_arm_ws/src/welder_description) by extension 'ignore_ament_install'
[0.701s] Level 1:colcon.colcon_core.package_identification:_identify(/home/andre/robo_arm_ws/src/welder_description) by extensions ['colcon_pkg']
[0.701s] Level 1:colcon.colcon_core.package_identification:_identify(/home/andre/robo_arm_ws/src/welder_description) by extension 'colcon_pkg'
[0.701s] Level 1:colcon.colcon_core.package_identification:_identify(/home/andre/robo_arm_ws/src/welder_description) by extensions ['colcon_meta']
[0.701s] Level 1:colcon.colcon_core.package_identification:_identify(/home/andre/robo_arm_ws/src/welder_description) by extension 'colcon_meta'
[0.702s] Level 1:colcon.colcon_core.package_identification:_identify(/home/andre/robo_arm_ws/src/welder_description) by extensions ['ros']
[0.702s] Level 1:colcon.colcon_core.package_identification:_identify(/home/andre/robo_arm_ws/src/welder_description) by extension 'ros'
[0.703s] DEBUG:colcon.colcon_core.package_identification:Package '/home/andre/robo_arm_ws/src/welder_description' with type 'ros.ament_python' and name 'welder_description'
[0.704s] Level 1:colcon.colcon_core.package_identification:_identify(/home/andre/robo_arm_ws/src/welder_moveit_config) by extensions ['ignore', 'ignore_ament_install']
[0.704s] Level 1:colcon.colcon_core.package_identification:_identify(/home/andre/robo_arm_ws/src/welder_moveit_config) by extension 'ignore'
[0.704s] Level 1:colcon.colcon_core.package_identification:_identify(/home/andre/robo_arm_ws/src/welder_moveit_config) by extension 'ignore_ament_install'
[0.704s] Level 1:colcon.colcon_core.package_identification:_identify(/home/andre/robo_arm_ws/src/welder_moveit_config) by extensions ['colcon_pkg']
[0.704s] Level 1:colcon.colcon_core.package_identification:_identify(/home/andre/robo_arm_ws/src/welder_moveit_config) by extension 'colcon_pkg'
[0.704s] Level 1:colcon.colcon_core.package_identification:_identify(/home/andre/robo_arm_ws/src/welder_moveit_config) by extensions ['colcon_meta']
[0.705s] Level 1:colcon.colcon_core.package_identification:_identify(/home/andre/robo_arm_ws/src/welder_moveit_config) by extension 'colcon_meta'
[0.705s] Level 1:colcon.colcon_core.package_identification:_identify(/home/andre/robo_arm_ws/src/welder_moveit_config) by extensions ['ros']
[0.705s] Level 1:colcon.colcon_core.package_identification:_identify(/home/andre/robo_arm_ws/src/welder_moveit_config) by extension 'ros'
[0.706s] DEBUG:colcon.colcon_core.package_identification:Package '/home/andre/robo_arm_ws/src/welder_moveit_config' with type 'ros.ament_cmake' and name 'welder_moveit_config'
[0.707s] Level 1:colcon.colcon_core.package_discovery:discover_packages(recursive) using defaults
