[0.009s] Invoking command in '/home/andre/robo_arm_ws/build/welder_moveit_config': AMENT_PREFIX_PATH=/home/andre/robo_arm_ws/install/welder_description:${AMENT_PREFIX_PATH} CMAKE_PREFIX_PATH=${CMAKE_PREFIX_PATH}:/home/andre/ros2_ws/install/my_robot_controller:/opt/ros/humble PYTHONPATH=/home/andre/robo_arm_ws/install/welder_description/lib/python3.10/site-packages:${PYTHONPATH} /usr/bin/cmake /home/andre/robo_arm_ws/src/welder_moveit_config -DCMAKE_INSTALL_PREFIX=/home/andre/robo_arm_ws/install/welder_moveit_config
[0.117s] -- The C compiler identification is GNU 11.4.0
[0.241s] -- The CXX compiler identification is GNU 11.4.0
[0.255s] -- Detecting C compiler ABI info
[0.333s] -- Detecting C compiler ABI info - done
[0.358s] -- Check for working C compiler: /usr/bin/cc - skipped
[0.359s] -- Detecting C compile features
[0.360s] -- Detecting C compile features - done
[0.370s] -- Detecting CXX compiler ABI info
[0.488s] -- Detecting CXX compiler ABI info - done
[0.497s] -- Check for working CXX compiler: /usr/bin/c++ - skipped
[0.497s] -- Detecting CXX compile features
[0.497s] -- Detecting CXX compile features - done
[0.506s] -- Found ament_cmake: 1.3.9 (/opt/ros/humble/share/ament_cmake/cmake)
[0.657s] -- Found Python3: /usr/bin/python3 (found version "3.10.12") found components: Interpreter 
[0.858s] -- Configuring done
[0.865s] -- Generating done
[0.867s] -- Build files have been written to: /home/andre/robo_arm_ws/build/welder_moveit_config
[0.875s] Invoked command in '/home/andre/robo_arm_ws/build/welder_moveit_config' returned '0': AMENT_PREFIX_PATH=/home/andre/robo_arm_ws/install/welder_description:${AMENT_PREFIX_PATH} CMAKE_PREFIX_PATH=${CMAKE_PREFIX_PATH}:/home/andre/ros2_ws/install/my_robot_controller:/opt/ros/humble PYTHONPATH=/home/andre/robo_arm_ws/install/welder_description/lib/python3.10/site-packages:${PYTHONPATH} /usr/bin/cmake /home/andre/robo_arm_ws/src/welder_moveit_config -DCMAKE_INSTALL_PREFIX=/home/andre/robo_arm_ws/install/welder_moveit_config
[0.879s] Invoking command in '/home/andre/robo_arm_ws/build/welder_moveit_config': AMENT_PREFIX_PATH=/home/andre/robo_arm_ws/install/welder_description:${AMENT_PREFIX_PATH} CMAKE_PREFIX_PATH=${CMAKE_PREFIX_PATH}:/home/andre/ros2_ws/install/my_robot_controller:/opt/ros/humble PYTHONPATH=/home/andre/robo_arm_ws/install/welder_description/lib/python3.10/site-packages:${PYTHONPATH} /usr/bin/cmake --build /home/andre/robo_arm_ws/build/welder_moveit_config -- -j8 -l8
[0.940s] Invoked command in '/home/andre/robo_arm_ws/build/welder_moveit_config' returned '0': AMENT_PREFIX_PATH=/home/andre/robo_arm_ws/install/welder_description:${AMENT_PREFIX_PATH} CMAKE_PREFIX_PATH=${CMAKE_PREFIX_PATH}:/home/andre/ros2_ws/install/my_robot_controller:/opt/ros/humble PYTHONPATH=/home/andre/robo_arm_ws/install/welder_description/lib/python3.10/site-packages:${PYTHONPATH} /usr/bin/cmake --build /home/andre/robo_arm_ws/build/welder_moveit_config -- -j8 -l8
[0.986s] Invoking command in '/home/andre/robo_arm_ws/build/welder_moveit_config': AMENT_PREFIX_PATH=/home/andre/robo_arm_ws/install/welder_description:${AMENT_PREFIX_PATH} CMAKE_PREFIX_PATH=${CMAKE_PREFIX_PATH}:/home/andre/ros2_ws/install/my_robot_controller:/opt/ros/humble PYTHONPATH=/home/andre/robo_arm_ws/install/welder_description/lib/python3.10/site-packages:${PYTHONPATH} /usr/bin/cmake --install /home/andre/robo_arm_ws/build/welder_moveit_config
[1.000s] -- Install configuration: ""
[1.001s] -- Installing: /home/andre/robo_arm_ws/install/welder_moveit_config/share/ament_index/resource_index/package_run_dependencies/welder_moveit_config
[1.001s] -- Installing: /home/andre/robo_arm_ws/install/welder_moveit_config/share/ament_index/resource_index/parent_prefix_path/welder_moveit_config
[1.002s] -- Installing: /home/andre/robo_arm_ws/install/welder_moveit_config/share/welder_moveit_config/environment/ament_prefix_path.sh
[1.002s] -- Installing: /home/andre/robo_arm_ws/install/welder_moveit_config/share/welder_moveit_config/environment/ament_prefix_path.dsv
[1.002s] -- Installing: /home/andre/robo_arm_ws/install/welder_moveit_config/share/welder_moveit_config/environment/path.sh
[1.003s] -- Installing: /home/andre/robo_arm_ws/install/welder_moveit_config/share/welder_moveit_config/environment/path.dsv
[1.003s] -- Installing: /home/andre/robo_arm_ws/install/welder_moveit_config/share/welder_moveit_config/local_setup.bash
[1.003s] -- Installing: /home/andre/robo_arm_ws/install/welder_moveit_config/share/welder_moveit_config/local_setup.sh
[1.004s] -- Installing: /home/andre/robo_arm_ws/install/welder_moveit_config/share/welder_moveit_config/local_setup.zsh
[1.004s] -- Installing: /home/andre/robo_arm_ws/install/welder_moveit_config/share/welder_moveit_config/local_setup.dsv
[1.004s] -- Installing: /home/andre/robo_arm_ws/install/welder_moveit_config/share/welder_moveit_config/package.dsv
[1.005s] -- Installing: /home/andre/robo_arm_ws/install/welder_moveit_config/share/ament_index/resource_index/packages/welder_moveit_config
[1.005s] -- Installing: /home/andre/robo_arm_ws/install/welder_moveit_config/share/welder_moveit_config/cmake/welder_moveit_configConfig.cmake
[1.005s] -- Installing: /home/andre/robo_arm_ws/install/welder_moveit_config/share/welder_moveit_config/cmake/welder_moveit_configConfig-version.cmake
[1.006s] -- Installing: /home/andre/robo_arm_ws/install/welder_moveit_config/share/welder_moveit_config/package.xml
[1.006s] -- Installing: /home/andre/robo_arm_ws/install/welder_moveit_config/share/welder_moveit_config/launch
[1.006s] -- Installing: /home/andre/robo_arm_ws/install/welder_moveit_config/share/welder_moveit_config/launch/spawn_controllers.launch.py
[1.006s] -- Installing: /home/andre/robo_arm_ws/install/welder_moveit_config/share/welder_moveit_config/launch/rsp.launch.py
[1.007s] -- Installing: /home/andre/robo_arm_ws/install/welder_moveit_config/share/welder_moveit_config/launch/setup_assistant.launch.py
[1.007s] -- Installing: /home/andre/robo_arm_ws/install/welder_moveit_config/share/welder_moveit_config/launch/warehouse_db.launch.py
[1.007s] -- Installing: /home/andre/robo_arm_ws/install/welder_moveit_config/share/welder_moveit_config/launch/static_virtual_joint_tfs.launch.py
[1.007s] -- Installing: /home/andre/robo_arm_ws/install/welder_moveit_config/share/welder_moveit_config/launch/demo.launch.py
[1.008s] -- Installing: /home/andre/robo_arm_ws/install/welder_moveit_config/share/welder_moveit_config/launch/move_group.launch.py
[1.008s] -- Installing: /home/andre/robo_arm_ws/install/welder_moveit_config/share/welder_moveit_config/launch/moveit_rviz.launch.py
[1.008s] -- Installing: /home/andre/robo_arm_ws/install/welder_moveit_config/share/welder_moveit_config/config
[1.008s] -- Installing: /home/andre/robo_arm_ws/install/welder_moveit_config/share/welder_moveit_config/config/moveit_controllers.yaml
[1.008s] -- Installing: /home/andre/robo_arm_ws/install/welder_moveit_config/share/welder_moveit_config/config/joint_limits.yaml
[1.009s] -- Installing: /home/andre/robo_arm_ws/install/welder_moveit_config/share/welder_moveit_config/config/kinematics.yaml
[1.009s] -- Installing: /home/andre/robo_arm_ws/install/welder_moveit_config/share/welder_moveit_config/config/welder.urdf.xacro
[1.009s] -- Installing: /home/andre/robo_arm_ws/install/welder_moveit_config/share/welder_moveit_config/config/welder.srdf
[1.009s] -- Installing: /home/andre/robo_arm_ws/install/welder_moveit_config/share/welder_moveit_config/config/initial_positions.yaml
[1.010s] -- Installing: /home/andre/robo_arm_ws/install/welder_moveit_config/share/welder_moveit_config/config/moveit.rviz
[1.010s] -- Installing: /home/andre/robo_arm_ws/install/welder_moveit_config/share/welder_moveit_config/config/pilz_cartesian_limits.yaml
[1.010s] -- Installing: /home/andre/robo_arm_ws/install/welder_moveit_config/share/welder_moveit_config/config/ros2_controllers.yaml
[1.011s] -- Installing: /home/andre/robo_arm_ws/install/welder_moveit_config/share/welder_moveit_config/config/welder.ros2_control.xacro
[1.011s] [31mCMake Error at cmake_install.cmake:113 (file):
[1.011s]   file INSTALL cannot find
[1.011s]   "/home/andre/robo_arm_ws/src/welder_moveit_config/.setup_assistant": No
[1.011s]   such file or directory.
[1.012s] 
[1.012s] [0m
[1.014s] Invoked command in '/home/andre/robo_arm_ws/build/welder_moveit_config' returned '1': AMENT_PREFIX_PATH=/home/andre/robo_arm_ws/install/welder_description:${AMENT_PREFIX_PATH} CMAKE_PREFIX_PATH=${CMAKE_PREFIX_PATH}:/home/andre/ros2_ws/install/my_robot_controller:/opt/ros/humble PYTHONPATH=/home/andre/robo_arm_ws/install/welder_description/lib/python3.10/site-packages:${PYTHONPATH} /usr/bin/cmake --install /home/andre/robo_arm_ws/build/welder_moveit_config
