[0.626s] Invoking command in '/home/andre/ros2_ws/build/my_robot_controller': PYTHONPATH=/home/andre/ros2_ws/build/my_robot_controller/prefix_override:/home/andre/ros2_ws/install/my_robot_controller/lib/python3.10/site-packages:${PYTHONPATH} /usr/bin/python3 -W ignore:setup.py install is deprecated setup.py develop --editable --build-directory /home/andre/ros2_ws/build/my_robot_controller/build --no-deps symlink_data --force
[0.883s] running develop
[0.884s] /usr/lib/python3/dist-packages/setuptools/command/easy_install.py:158: EasyInstallDeprecationWarning: easy_install command is deprecated. Use build and pip and other standards-based tools.
[0.884s]   warnings.warn(
[1.036s] running egg_info
[1.036s] writing my_robot_controller.egg-info/PKG-INFO
[1.036s] writing dependency_links to my_robot_controller.egg-info/dependency_links.txt
[1.036s] writing entry points to my_robot_controller.egg-info/entry_points.txt
[1.037s] writing requirements to my_robot_controller.egg-info/requires.txt
[1.037s] writing top-level names to my_robot_controller.egg-info/top_level.txt
[1.038s] reading manifest file 'my_robot_controller.egg-info/SOURCES.txt'
[1.039s] writing manifest file 'my_robot_controller.egg-info/SOURCES.txt'
[1.040s] running build_ext
[1.041s] Creating /home/andre/ros2_ws/install/my_robot_controller/lib/python3.10/site-packages/my-robot-controller.egg-link (link to .)
[1.041s] Installing test_node script to /home/andre/ros2_ws/install/my_robot_controller/lib/my_robot_controller
[1.041s] 
[1.042s] Installed /home/andre/ros2_ws/build/my_robot_controller
[1.042s] running symlink_data
[1.042s] symbolically linking /home/andre/ros2_ws/build/my_robot_controller/resource/my_robot_controller -> /home/andre/ros2_ws/install/my_robot_controller/share/ament_index/resource_index/packages
[1.042s] symbolically linking /home/andre/ros2_ws/build/my_robot_controller/package.xml -> /home/andre/ros2_ws/install/my_robot_controller/share/my_robot_controller
[1.080s] Invoked command in '/home/andre/ros2_ws/build/my_robot_controller' returned '0': PYTHONPATH=/home/andre/ros2_ws/build/my_robot_controller/prefix_override:/home/andre/ros2_ws/install/my_robot_controller/lib/python3.10/site-packages:${PYTHONPATH} /usr/bin/python3 -W ignore:setup.py install is deprecated setup.py develop --editable --build-directory /home/andre/ros2_ws/build/my_robot_controller/build --no-deps symlink_data --force
