[1.095s] Invoking command in '/home/andre/robo_arm_ws/src/welder_description': PYTHONPATH=/home/andre/robo_arm_ws/build/welder_description/prefix_override:/home/andre/robo_arm_ws/install/welder_description/lib/python3.10/site-packages:${PYTHONPATH} /usr/bin/python3 -W ignore:setup.py install is deprecated setup.py egg_info --egg-base ../../build/welder_description build --build-base /home/andre/robo_arm_ws/build/welder_description/build install --record /home/andre/robo_arm_ws/build/welder_description/install.log --single-version-externally-managed install_data
[1.367s] running egg_info
[1.368s] writing ../../build/welder_description/welder_description.egg-info/PKG-INFO
[1.368s] writing dependency_links to ../../build/welder_description/welder_description.egg-info/dependency_links.txt
[1.368s] writing entry points to ../../build/welder_description/welder_description.egg-info/entry_points.txt
[1.368s] writing requirements to ../../build/welder_description/welder_description.egg-info/requires.txt
[1.369s] writing top-level names to ../../build/welder_description/welder_description.egg-info/top_level.txt
[1.371s] reading manifest file '../../build/welder_description/welder_description.egg-info/SOURCES.txt'
[1.372s] writing manifest file '../../build/welder_description/welder_description.egg-info/SOURCES.txt'
[1.372s] running build
[1.372s] running build_py
[1.373s] running install
[1.373s] running install_lib
[1.374s] running install_data
[1.374s] running install_egg_info
[1.376s] removing '/home/andre/robo_arm_ws/install/welder_description/lib/python3.10/site-packages/welder_description-0.0.0-py3.10.egg-info' (and everything under it)
[1.377s] Copying ../../build/welder_description/welder_description.egg-info to /home/andre/robo_arm_ws/install/welder_description/lib/python3.10/site-packages/welder_description-0.0.0-py3.10.egg-info
[1.378s] running install_scripts
[1.400s] writing list of installed files to '/home/andre/robo_arm_ws/build/welder_description/install.log'
[1.451s] Invoked command in '/home/andre/robo_arm_ws/src/welder_description' returned '0': PYTHONPATH=/home/andre/robo_arm_ws/build/welder_description/prefix_override:/home/andre/robo_arm_ws/install/welder_description/lib/python3.10/site-packages:${PYTHONPATH} /usr/bin/python3 -W ignore:setup.py install is deprecated setup.py egg_info --egg-base ../../build/welder_description build --build-base /home/andre/robo_arm_ws/build/welder_description/build install --record /home/andre/robo_arm_ws/build/welder_description/install.log --single-version-externally-managed install_data
