[0.038s] Invoking command in '/home/andre/robo_arm_ws/build/welder_moveit_config': AMENT_PREFIX_PATH=/home/andre/robo_arm_ws/install/welder_description:${AMENT_PREFIX_PATH} CMAKE_PREFIX_PATH=${CMAKE_PREFIX_PATH}:/home/andre/ros2_ws/install/my_robot_controller:/opt/ros/humble PYTHONPATH=/home/andre/robo_arm_ws/install/welder_description/lib/python3.10/site-packages:${PYTHONPATH} /usr/bin/cmake --build /home/andre/robo_arm_ws/build/welder_moveit_config -- -j8 -l8
[0.095s] Invoked command in '/home/andre/robo_arm_ws/build/welder_moveit_config' returned '0': AMENT_PREFIX_PATH=/home/andre/robo_arm_ws/install/welder_description:${AMENT_PREFIX_PATH} CMAKE_PREFIX_PATH=${CMAKE_PREFIX_PATH}:/home/andre/ros2_ws/install/my_robot_controller:/opt/ros/humble PYTHONPATH=/home/andre/robo_arm_ws/install/welder_description/lib/python3.10/site-packages:${PYTHONPATH} /usr/bin/cmake --build /home/andre/robo_arm_ws/build/welder_moveit_config -- -j8 -l8
[0.138s] Invoking command in '/home/andre/robo_arm_ws/build/welder_moveit_config': AMENT_PREFIX_PATH=/home/andre/robo_arm_ws/install/welder_description:${AMENT_PREFIX_PATH} CMAKE_PREFIX_PATH=${CMAKE_PREFIX_PATH}:/home/andre/ros2_ws/install/my_robot_controller:/opt/ros/humble PYTHONPATH=/home/andre/robo_arm_ws/install/welder_description/lib/python3.10/site-packages:${PYTHONPATH} /usr/bin/cmake --install /home/andre/robo_arm_ws/build/welder_moveit_config
[0.146s] -- Install configuration: ""
[0.146s] -- Up-to-date: /home/andre/robo_arm_ws/install/welder_moveit_config/share/ament_index/resource_index/package_run_dependencies/welder_moveit_config
[0.146s] -- Up-to-date: /home/andre/robo_arm_ws/install/welder_moveit_config/share/ament_index/resource_index/parent_prefix_path/welder_moveit_config
[0.147s] -- Up-to-date: /home/andre/robo_arm_ws/install/welder_moveit_config/share/welder_moveit_config/environment/ament_prefix_path.sh
[0.147s] -- Up-to-date: /home/andre/robo_arm_ws/install/welder_moveit_config/share/welder_moveit_config/environment/ament_prefix_path.dsv
[0.147s] -- Up-to-date: /home/andre/robo_arm_ws/install/welder_moveit_config/share/welder_moveit_config/environment/path.sh
[0.147s] -- Up-to-date: /home/andre/robo_arm_ws/install/welder_moveit_config/share/welder_moveit_config/environment/path.dsv
[0.148s] -- Up-to-date: /home/andre/robo_arm_ws/install/welder_moveit_config/share/welder_moveit_config/local_setup.bash
[0.148s] -- Up-to-date: /home/andre/robo_arm_ws/install/welder_moveit_config/share/welder_moveit_config/local_setup.sh
[0.148s] -- Up-to-date: /home/andre/robo_arm_ws/install/welder_moveit_config/share/welder_moveit_config/local_setup.zsh
[0.148s] -- Up-to-date: /home/andre/robo_arm_ws/install/welder_moveit_config/share/welder_moveit_config/local_setup.dsv
[0.148s] -- Up-to-date: /home/andre/robo_arm_ws/install/welder_moveit_config/share/welder_moveit_config/package.dsv
[0.148s] -- Up-to-date: /home/andre/robo_arm_ws/install/welder_moveit_config/share/ament_index/resource_index/packages/welder_moveit_config
[0.148s] -- Up-to-date: /home/andre/robo_arm_ws/install/welder_moveit_config/share/welder_moveit_config/cmake/welder_moveit_configConfig.cmake
[0.148s] -- Up-to-date: /home/andre/robo_arm_ws/install/welder_moveit_config/share/welder_moveit_config/cmake/welder_moveit_configConfig-version.cmake
[0.149s] -- Up-to-date: /home/andre/robo_arm_ws/install/welder_moveit_config/share/welder_moveit_config/package.xml
[0.149s] -- Up-to-date: /home/andre/robo_arm_ws/install/welder_moveit_config/share/welder_moveit_config/launch
[0.149s] -- Up-to-date: /home/andre/robo_arm_ws/install/welder_moveit_config/share/welder_moveit_config/launch/spawn_controllers.launch.py
[0.149s] -- Up-to-date: /home/andre/robo_arm_ws/install/welder_moveit_config/share/welder_moveit_config/launch/rsp.launch.py
[0.149s] -- Up-to-date: /home/andre/robo_arm_ws/install/welder_moveit_config/share/welder_moveit_config/launch/setup_assistant.launch.py
[0.149s] -- Up-to-date: /home/andre/robo_arm_ws/install/welder_moveit_config/share/welder_moveit_config/launch/warehouse_db.launch.py
[0.149s] -- Up-to-date: /home/andre/robo_arm_ws/install/welder_moveit_config/share/welder_moveit_config/launch/static_virtual_joint_tfs.launch.py
[0.149s] -- Up-to-date: /home/andre/robo_arm_ws/install/welder_moveit_config/share/welder_moveit_config/launch/demo.launch.py
[0.149s] -- Up-to-date: /home/andre/robo_arm_ws/install/welder_moveit_config/share/welder_moveit_config/launch/move_group.launch.py
[0.150s] -- Up-to-date: /home/andre/robo_arm_ws/install/welder_moveit_config/share/welder_moveit_config/launch/moveit_rviz.launch.py
[0.150s] -- Up-to-date: /home/andre/robo_arm_ws/install/welder_moveit_config/share/welder_moveit_config/config
[0.150s] -- Up-to-date: /home/andre/robo_arm_ws/install/welder_moveit_config/share/welder_moveit_config/config/moveit_controllers.yaml
[0.150s] -- Up-to-date: /home/andre/robo_arm_ws/install/welder_moveit_config/share/welder_moveit_config/config/joint_limits.yaml
[0.150s] -- Up-to-date: /home/andre/robo_arm_ws/install/welder_moveit_config/share/welder_moveit_config/config/kinematics.yaml
[0.150s] -- Up-to-date: /home/andre/robo_arm_ws/install/welder_moveit_config/share/welder_moveit_config/config/welder.urdf.xacro
[0.150s] -- Up-to-date: /home/andre/robo_arm_ws/install/welder_moveit_config/share/welder_moveit_config/config/welder.srdf
[0.150s] -- Up-to-date: /home/andre/robo_arm_ws/install/welder_moveit_config/share/welder_moveit_config/config/initial_positions.yaml
[0.150s] -- Up-to-date: /home/andre/robo_arm_ws/install/welder_moveit_config/share/welder_moveit_config/config/moveit.rviz
[0.150s] -- Up-to-date: /home/andre/robo_arm_ws/install/welder_moveit_config/share/welder_moveit_config/config/pilz_cartesian_limits.yaml
[0.151s] -- Up-to-date: /home/andre/robo_arm_ws/install/welder_moveit_config/share/welder_moveit_config/config/ros2_controllers.yaml
[0.151s] -- Up-to-date: /home/andre/robo_arm_ws/install/welder_moveit_config/share/welder_moveit_config/config/welder.ros2_control.xacro
[0.151s] [31mCMake Error at cmake_install.cmake:113 (file):
[0.151s]   file INSTALL cannot find
[0.151s]   "/home/andre/robo_arm_ws/src/welder_moveit_config/.setup_assistant": No
[0.151s]   such file or directory.
[0.151s] 
[0.151s] [0m
[0.152s] Invoked command in '/home/andre/robo_arm_ws/build/welder_moveit_config' returned '1': AMENT_PREFIX_PATH=/home/andre/robo_arm_ws/install/welder_description:${AMENT_PREFIX_PATH} CMAKE_PREFIX_PATH=${CMAKE_PREFIX_PATH}:/home/andre/ros2_ws/install/my_robot_controller:/opt/ros/humble PYTHONPATH=/home/andre/robo_arm_ws/install/welder_description/lib/python3.10/site-packages:${PYTHONPATH} /usr/bin/cmake --install /home/andre/robo_arm_ws/build/welder_moveit_config
