/home/andre/robo_arm_ws/install/welder_description/lib/python3.10/site-packages/welder_description/__init__.py
/home/andre/robo_arm_ws/install/welder_description/lib/python3.10/site-packages/welder_description/__pycache__/__init__.cpython-310.pyc
/home/andre/robo_arm_ws/install/welder_description/share/ament_index/resource_index/packages/welder_description
/home/andre/robo_arm_ws/install/welder_description/share/welder_description/package.xml
/home/andre/robo_arm_ws/install/welder_description/share/welder_description/launch/display.launch.py
/home/andre/robo_arm_ws/install/welder_description/share/welder_description/launch/gazebo.launch.py
/home/andre/robo_arm_ws/install/welder_description/share/welder_description/urdf/ros2_control.xacro
/home/andre/robo_arm_ws/install/welder_description/share/welder_description/urdf/welder.gazebo
/home/andre/robo_arm_ws/install/welder_description/share/welder_description/urdf/welder.xacro
/home/andre/robo_arm_ws/install/welder_description/share/welder_description/urdf/welder.trans
/home/andre/robo_arm_ws/install/welder_description/share/welder_description/meshes/link_4_1.stl
/home/andre/robo_arm_ws/install/welder_description/share/welder_description/meshes/link_3_1.stl
/home/andre/robo_arm_ws/install/welder_description/share/welder_description/meshes/link_6_1.stl
/home/andre/robo_arm_ws/install/welder_description/share/welder_description/meshes/link_2_1.stl
/home/andre/robo_arm_ws/install/welder_description/share/welder_description/meshes/link_1_1.stl
/home/andre/robo_arm_ws/install/welder_description/share/welder_description/meshes/link_5_1.stl
/home/andre/robo_arm_ws/install/welder_description/share/welder_description/meshes/base_link.stl
/home/andre/robo_arm_ws/install/welder_description/share/welder_description/config/display.rviz
/home/andre/robo_arm_ws/install/welder_description/share/welder_description/config/my_controllers.yaml
/home/andre/robo_arm_ws/install/welder_description/lib/python3.10/site-packages/welder_description-0.0.0-py3.10.egg-info/entry_points.txt
/home/andre/robo_arm_ws/install/welder_description/lib/python3.10/site-packages/welder_description-0.0.0-py3.10.egg-info/SOURCES.txt
/home/andre/robo_arm_ws/install/welder_description/lib/python3.10/site-packages/welder_description-0.0.0-py3.10.egg-info/top_level.txt
/home/andre/robo_arm_ws/install/welder_description/lib/python3.10/site-packages/welder_description-0.0.0-py3.10.egg-info/requires.txt
/home/andre/robo_arm_ws/install/welder_description/lib/python3.10/site-packages/welder_description-0.0.0-py3.10.egg-info/dependency_links.txt
/home/andre/robo_arm_ws/install/welder_description/lib/python3.10/site-packages/welder_description-0.0.0-py3.10.egg-info/PKG-INFO
/home/andre/robo_arm_ws/install/welder_description/lib/python3.10/site-packages/welder_description-0.0.0-py3.10.egg-info/zip-safe
