[1.093s] Invoking command in '/home/andre/robo_arm_ws/src/welder_control': PYTHONPATH=/home/andre/robo_arm_ws/build/welder_control/prefix_override:/home/andre/robo_arm_ws/install/welder_control/lib/python3.10/site-packages:${PYTHONPATH} /usr/bin/python3 -W ignore:setup.py install is deprecated setup.py egg_info --egg-base ../../build/welder_control build --build-base /home/andre/robo_arm_ws/build/welder_control/build install --record /home/andre/robo_arm_ws/build/welder_control/install.log --single-version-externally-managed install_data
[1.358s] running egg_info
[1.358s] creating ../../build/welder_control/welder_control.egg-info
[1.358s] writing ../../build/welder_control/welder_control.egg-info/PKG-INFO
[1.359s] writing dependency_links to ../../build/welder_control/welder_control.egg-info/dependency_links.txt
[1.359s] writing entry points to ../../build/welder_control/welder_control.egg-info/entry_points.txt
[1.359s] writing requirements to ../../build/welder_control/welder_control.egg-info/requires.txt
[1.360s] writing top-level names to ../../build/welder_control/welder_control.egg-info/top_level.txt
[1.360s] writing manifest file '../../build/welder_control/welder_control.egg-info/SOURCES.txt'
[1.362s] reading manifest file '../../build/welder_control/welder_control.egg-info/SOURCES.txt'
[1.363s] writing manifest file '../../build/welder_control/welder_control.egg-info/SOURCES.txt'
[1.364s] running build
[1.364s] running build_py
[1.364s] creating /home/andre/robo_arm_ws/build/welder_control/build
[1.364s] creating /home/andre/robo_arm_ws/build/welder_control/build/lib
[1.365s] creating /home/andre/robo_arm_ws/build/welder_control/build/lib/welder_control
[1.365s] copying welder_control/main.py -> /home/andre/robo_arm_ws/build/welder_control/build/lib/welder_control
[1.365s] copying welder_control/__init__.py -> /home/andre/robo_arm_ws/build/welder_control/build/lib/welder_control
[1.365s] running install
[1.365s] running install_lib
[1.366s] creating /home/andre/robo_arm_ws/install/welder_control/lib/python3.10/site-packages/welder_control
[1.366s] copying /home/andre/robo_arm_ws/build/welder_control/build/lib/welder_control/main.py -> /home/andre/robo_arm_ws/install/welder_control/lib/python3.10/site-packages/welder_control
[1.366s] copying /home/andre/robo_arm_ws/build/welder_control/build/lib/welder_control/__init__.py -> /home/andre/robo_arm_ws/install/welder_control/lib/python3.10/site-packages/welder_control
[1.367s] byte-compiling /home/andre/robo_arm_ws/install/welder_control/lib/python3.10/site-packages/welder_control/main.py to main.cpython-310.pyc
[1.368s] byte-compiling /home/andre/robo_arm_ws/install/welder_control/lib/python3.10/site-packages/welder_control/__init__.py to __init__.cpython-310.pyc
[1.368s] running install_data
[1.368s] creating /home/andre/robo_arm_ws/install/welder_control/share/ament_index
[1.368s] creating /home/andre/robo_arm_ws/install/welder_control/share/ament_index/resource_index
[1.369s] creating /home/andre/robo_arm_ws/install/welder_control/share/ament_index/resource_index/packages
[1.369s] copying resource/welder_control -> /home/andre/robo_arm_ws/install/welder_control/share/ament_index/resource_index/packages
[1.369s] copying package.xml -> /home/andre/robo_arm_ws/install/welder_control/share/welder_control
[1.369s] running install_egg_info
[1.371s] Copying ../../build/welder_control/welder_control.egg-info to /home/andre/robo_arm_ws/install/welder_control/lib/python3.10/site-packages/welder_control-0.0.0-py3.10.egg-info
[1.372s] running install_scripts
[1.397s] Installing welder_cont script to /home/andre/robo_arm_ws/install/welder_control/lib/welder_control
[1.397s] writing list of installed files to '/home/andre/robo_arm_ws/build/welder_control/install.log'
[1.447s] Invoked command in '/home/andre/robo_arm_ws/src/welder_control' returned '0': PYTHONPATH=/home/andre/robo_arm_ws/build/welder_control/prefix_override:/home/andre/robo_arm_ws/install/welder_control/lib/python3.10/site-packages:${PYTHONPATH} /usr/bin/python3 -W ignore:setup.py install is deprecated setup.py egg_info --egg-base ../../build/welder_control build --build-base /home/andre/robo_arm_ws/build/welder_control/build install --record /home/andre/robo_arm_ws/build/welder_control/install.log --single-version-externally-managed install_data
