[0.677s] Invoking command in '/home/andre/ros2_ws/build/my_robot_controller': PYTHONPATH=/home/andre/ros2_ws/build/my_robot_controller/prefix_override:/home/andre/ros2_ws/install/my_robot_controller/lib/python3.10/site-packages:${PYTHONPATH} /usr/bin/python3 -W ignore:setup.py install is deprecated setup.py develop --editable --build-directory /home/andre/ros2_ws/build/my_robot_controller/build --no-deps symlink_data
[0.960s] running develop
[1.121s] running egg_info
[1.121s] writing my_robot_controller.egg-info/PKG-INFO
[1.122s] writing dependency_links to my_robot_controller.egg-info/dependency_links.txt
[1.122s] writing entry points to my_robot_controller.egg-info/entry_points.txt
[1.122s] writing requirements to my_robot_controller.egg-info/requires.txt
[1.122s] writing top-level names to my_robot_controller.egg-info/top_level.txt
[1.123s] reading manifest file 'my_robot_controller.egg-info/SOURCES.txt'
[1.124s] writing manifest file 'my_robot_controller.egg-info/SOURCES.txt'
[1.126s] running build_ext
[1.126s] Creating /home/andre/ros2_ws/install/my_robot_controller/lib/python3.10/site-packages/my-robot-controller.egg-link (link to .)
[1.127s] Installing draw_circle script to /home/andre/ros2_ws/install/my_robot_controller/lib/my_robot_controller
[1.127s] Installing pose_subscriber script to /home/andre/ros2_ws/install/my_robot_controller/lib/my_robot_controller
[1.127s] Installing test_node script to /home/andre/ros2_ws/install/my_robot_controller/lib/my_robot_controller
[1.127s] Installing turtle_controller script to /home/andre/ros2_ws/install/my_robot_controller/lib/my_robot_controller
[1.128s] 
[1.128s] Installed /home/andre/ros2_ws/build/my_robot_controller
[1.128s] running symlink_data
[1.173s] Invoked command in '/home/andre/ros2_ws/build/my_robot_controller' returned '0': PYTHONPATH=/home/andre/ros2_ws/build/my_robot_controller/prefix_override:/home/andre/ros2_ws/install/my_robot_controller/lib/python3.10/site-packages:${PYTHONPATH} /usr/bin/python3 -W ignore:setup.py install is deprecated setup.py develop --editable --build-directory /home/andre/ros2_ws/build/my_robot_controller/build --no-deps symlink_data
