[0.107s] DEBUG:colcon:Command line arguments: ['/usr/bin/colcon', 'build']
[0.107s] DEBUG:colcon:Parsed command line arguments: Namespace(log_base=None, log_level=None, verb_name='build', build_base='build', install_base='install', merge_install=False, symlink_install=False, test_result_base=None, continue_on_error=False, executor='parallel', parallel_workers=8, event_handlers=None, ignore_user_meta=False, metas=['./colcon.meta'], base_paths=['.'], packages_ignore=None, packages_ignore_regex=None, paths=None, packages_up_to=None, packages_up_to_regex=None, packages_above=None, packages_above_and_dependencies=None, packages_above_depth=None, packages_select_by_dep=None, packages_skip_by_dep=None, packages_skip_up_to=None, packages_select_build_failed=False, packages_skip_build_finished=False, packages_select_test_failures=False, packages_skip_test_passed=False, packages_select=None, packages_skip=None, packages_select_regex=None, packages_skip_regex=None, packages_start=None, packages_end=None, allow_overriding=[], cmake_args=None, cmake_target=None, cmake_target_skip_unavailable=False, cmake_clean_cache=False, cmake_clean_first=False, cmake_force_configure=False, ament_cmake_args=None, catkin_cmake_args=None, catkin_skip_building_tests=False, verb_parser=<colcon_defaults.argument_parser.defaults.DefaultArgumentsDecorator object at 0x7f680f37c5e0>, verb_extension=<colcon_core.verb.build.BuildVerb object at 0x7f680f37c070>, main=<bound method BuildVerb.main of <colcon_core.verb.build.BuildVerb object at 0x7f680f37c070>>)
[0.296s] Level 1:colcon.colcon_core.package_discovery:discover_packages(colcon_meta) check parameters
[0.297s] Level 1:colcon.colcon_core.package_discovery:discover_packages(recursive) check parameters
[0.297s] Level 1:colcon.colcon_core.package_discovery:discover_packages(ignore) check parameters
[0.297s] Level 1:colcon.colcon_core.package_discovery:discover_packages(path) check parameters
[0.297s] Level 1:colcon.colcon_core.package_discovery:discover_packages(colcon_meta) discover
[0.297s] Level 1:colcon.colcon_core.package_discovery:discover_packages(recursive) discover
[0.297s] INFO:colcon.colcon_core.package_discovery:Crawling recursively for packages in '/home/andre/robo_arm_ws'
[0.297s] Level 1:colcon.colcon_core.package_identification:_identify(.) by extensions ['ignore', 'ignore_ament_install']
[0.297s] Level 1:colcon.colcon_core.package_identification:_identify(.) by extension 'ignore'
[0.297s] Level 1:colcon.colcon_core.package_identification:_identify(.) by extension 'ignore_ament_install'
[0.297s] Level 1:colcon.colcon_core.package_identification:_identify(.) by extensions ['colcon_pkg']
[0.297s] Level 1:colcon.colcon_core.package_identification:_identify(.) by extension 'colcon_pkg'
[0.297s] Level 1:colcon.colcon_core.package_identification:_identify(.) by extensions ['colcon_meta']
[0.297s] Level 1:colcon.colcon_core.package_identification:_identify(.) by extension 'colcon_meta'
[0.297s] Level 1:colcon.colcon_core.package_identification:_identify(.) by extensions ['ros']
[0.297s] Level 1:colcon.colcon_core.package_identification:_identify(.) by extension 'ros'
[0.310s] Level 1:colcon.colcon_core.package_identification:_identify(.) by extensions ['cmake', 'python']
[0.310s] Level 1:colcon.colcon_core.package_identification:_identify(.) by extension 'cmake'
[0.310s] Level 1:colcon.colcon_core.package_identification:_identify(.) by extension 'python'
[0.310s] Level 1:colcon.colcon_core.package_identification:_identify(.) by extensions ['python_setup_py']
[0.311s] Level 1:colcon.colcon_core.package_identification:_identify(.) by extension 'python_setup_py'
[0.311s] Level 1:colcon.colcon_core.package_identification:_identify(build) by extensions ['ignore', 'ignore_ament_install']
[0.311s] Level 1:colcon.colcon_core.package_identification:_identify(build) by extension 'ignore'
[0.311s] Level 1:colcon.colcon_core.package_identification:_identify(build) ignored
[0.311s] Level 1:colcon.colcon_core.package_identification:_identify(install) by extensions ['ignore', 'ignore_ament_install']
[0.311s] Level 1:colcon.colcon_core.package_identification:_identify(install) by extension 'ignore'
[0.311s] Level 1:colcon.colcon_core.package_identification:_identify(install) ignored
[0.311s] Level 1:colcon.colcon_core.package_identification:_identify(log) by extensions ['ignore', 'ignore_ament_install']
[0.311s] Level 1:colcon.colcon_core.package_identification:_identify(log) by extension 'ignore'
[0.311s] Level 1:colcon.colcon_core.package_identification:_identify(log) ignored
[0.311s] Level 1:colcon.colcon_core.package_identification:_identify(src) by extensions ['ignore', 'ignore_ament_install']
[0.312s] Level 1:colcon.colcon_core.package_identification:_identify(src) by extension 'ignore'
[0.312s] Level 1:colcon.colcon_core.package_identification:_identify(src) by extension 'ignore_ament_install'
[0.312s] Level 1:colcon.colcon_core.package_identification:_identify(src) by extensions ['colcon_pkg']
[0.312s] Level 1:colcon.colcon_core.package_identification:_identify(src) by extension 'colcon_pkg'
[0.312s] Level 1:colcon.colcon_core.package_identification:_identify(src) by extensions ['colcon_meta']
[0.312s] Level 1:colcon.colcon_core.package_identification:_identify(src) by extension 'colcon_meta'
[0.312s] Level 1:colcon.colcon_core.package_identification:_identify(src) by extensions ['ros']
[0.312s] Level 1:colcon.colcon_core.package_identification:_identify(src) by extension 'ros'
[0.312s] Level 1:colcon.colcon_core.package_identification:_identify(src) by extensions ['cmake', 'python']
[0.312s] Level 1:colcon.colcon_core.package_identification:_identify(src) by extension 'cmake'
[0.312s] Level 1:colcon.colcon_core.package_identification:_identify(src) by extension 'python'
[0.312s] Level 1:colcon.colcon_core.package_identification:_identify(src) by extensions ['python_setup_py']
[0.312s] Level 1:colcon.colcon_core.package_identification:_identify(src) by extension 'python_setup_py'
[0.312s] Level 1:colcon.colcon_core.package_identification:_identify(src/welder_control) by extensions ['ignore', 'ignore_ament_install']
[0.312s] Level 1:colcon.colcon_core.package_identification:_identify(src/welder_control) by extension 'ignore'
[0.312s] Level 1:colcon.colcon_core.package_identification:_identify(src/welder_control) by extension 'ignore_ament_install'
[0.312s] Level 1:colcon.colcon_core.package_identification:_identify(src/welder_control) by extensions ['colcon_pkg']
[0.313s] Level 1:colcon.colcon_core.package_identification:_identify(src/welder_control) by extension 'colcon_pkg'
[0.313s] Level 1:colcon.colcon_core.package_identification:_identify(src/welder_control) by extensions ['colcon_meta']
[0.313s] Level 1:colcon.colcon_core.package_identification:_identify(src/welder_control) by extension 'colcon_meta'
[0.313s] Level 1:colcon.colcon_core.package_identification:_identify(src/welder_control) by extensions ['ros']
[0.313s] Level 1:colcon.colcon_core.package_identification:_identify(src/welder_control) by extension 'ros'
[0.315s] DEBUG:colcon.colcon_core.package_identification:Package 'src/welder_control' with type 'ros.ament_python' and name 'welder_control'
[0.315s] Level 1:colcon.colcon_core.package_identification:_identify(src/welder_description) by extensions ['ignore', 'ignore_ament_install']
[0.316s] Level 1:colcon.colcon_core.package_identification:_identify(src/welder_description) by extension 'ignore'
[0.316s] Level 1:colcon.colcon_core.package_identification:_identify(src/welder_description) by extension 'ignore_ament_install'
[0.316s] Level 1:colcon.colcon_core.package_identification:_identify(src/welder_description) by extensions ['colcon_pkg']
[0.316s] Level 1:colcon.colcon_core.package_identification:_identify(src/welder_description) by extension 'colcon_pkg'
[0.316s] Level 1:colcon.colcon_core.package_identification:_identify(src/welder_description) by extensions ['colcon_meta']
[0.316s] Level 1:colcon.colcon_core.package_identification:_identify(src/welder_description) by extension 'colcon_meta'
[0.316s] Level 1:colcon.colcon_core.package_identification:_identify(src/welder_description) by extensions ['ros']
[0.316s] Level 1:colcon.colcon_core.package_identification:_identify(src/welder_description) by extension 'ros'
[0.317s] DEBUG:colcon.colcon_core.package_identification:Package 'src/welder_description' with type 'ros.ament_python' and name 'welder_description'
[0.317s] Level 1:colcon.colcon_core.package_identification:_identify(src/welder_moveit_config) by extensions ['ignore', 'ignore_ament_install']
[0.317s] Level 1:colcon.colcon_core.package_identification:_identify(src/welder_moveit_config) by extension 'ignore'
[0.317s] Level 1:colcon.colcon_core.package_identification:_identify(src/welder_moveit_config) by extension 'ignore_ament_install'
[0.318s] Level 1:colcon.colcon_core.package_identification:_identify(src/welder_moveit_config) by extensions ['colcon_pkg']
[0.318s] Level 1:colcon.colcon_core.package_identification:_identify(src/welder_moveit_config) by extension 'colcon_pkg'
[0.318s] Level 1:colcon.colcon_core.package_identification:_identify(src/welder_moveit_config) by extensions ['colcon_meta']
[0.318s] Level 1:colcon.colcon_core.package_identification:_identify(src/welder_moveit_config) by extension 'colcon_meta'
[0.318s] Level 1:colcon.colcon_core.package_identification:_identify(src/welder_moveit_config) by extensions ['ros']
[0.318s] Level 1:colcon.colcon_core.package_identification:_identify(src/welder_moveit_config) by extension 'ros'
[0.319s] DEBUG:colcon.colcon_core.package_identification:Package 'src/welder_moveit_config' with type 'ros.ament_cmake' and name 'welder_moveit_config'
[0.319s] Level 1:colcon.colcon_core.package_discovery:discover_packages(recursive) using defaults
[0.319s] Level 1:colcon.colcon_core.package_discovery:discover_packages(ignore) discover
[0.319s] Level 1:colcon.colcon_core.package_discovery:discover_packages(ignore) using defaults
[0.319s] Level 1:colcon.colcon_core.package_discovery:discover_packages(path) discover
[0.319s] Level 1:colcon.colcon_core.package_discovery:discover_packages(path) using defaults
[0.357s] Level 1:colcon.colcon_core.package_discovery:discover_packages(prefix_path) check parameters
[0.358s] Level 1:colcon.colcon_core.package_discovery:discover_packages(prefix_path) discover
[0.358s] WARNING:colcon.colcon_ros.prefix_path.ament:The path '/home/andre/robo_arm_ws/install/six_dof_arm' in the environment variable AMENT_PREFIX_PATH doesn't exist
[0.359s] WARNING:colcon.colcon_ros.prefix_path.ament:The path '/home/andre/robo_arm_ws/install/gazebo_ros2_control' in the environment variable AMENT_PREFIX_PATH doesn't exist
[0.359s] WARNING:colcon.colcon_ros.prefix_path.catkin:The path '/home/andre/robo_arm_ws/install/six_dof_arm' in the environment variable CMAKE_PREFIX_PATH doesn't exist
[0.359s] WARNING:colcon.colcon_ros.prefix_path.catkin:The path '/home/andre/robo_arm_ws/install/gazebo_ros2_control' in the environment variable CMAKE_PREFIX_PATH doesn't exist
[0.360s] DEBUG:colcon.colcon_installed_package_information.package_discovery:Found 3 installed packages in /home/andre/robo_arm_ws/install
[0.360s] DEBUG:colcon.colcon_installed_package_information.package_discovery:Found 1 installed packages in /home/andre/ros2_ws/install
[0.361s] DEBUG:colcon.colcon_installed_package_information.package_discovery:Found 270 installed packages in /opt/ros/humble
[0.363s] Level 1:colcon.colcon_core.package_discovery:discover_packages(prefix_path) using defaults
[0.408s] Level 5:colcon.colcon_core.verb:set package 'welder_control' build argument 'cmake_args' from command line to 'None'
[0.408s] Level 5:colcon.colcon_core.verb:set package 'welder_control' build argument 'cmake_target' from command line to 'None'
[0.408s] Level 5:colcon.colcon_core.verb:set package 'welder_control' build argument 'cmake_target_skip_unavailable' from command line to 'False'
[0.408s] Level 5:colcon.colcon_core.verb:set package 'welder_control' build argument 'cmake_clean_cache' from command line to 'False'
[0.408s] Level 5:colcon.colcon_core.verb:set package 'welder_control' build argument 'cmake_clean_first' from command line to 'False'
[0.408s] Level 5:colcon.colcon_core.verb:set package 'welder_control' build argument 'cmake_force_configure' from command line to 'False'
[0.408s] Level 5:colcon.colcon_core.verb:set package 'welder_control' build argument 'ament_cmake_args' from command line to 'None'
[0.409s] Level 5:colcon.colcon_core.verb:set package 'welder_control' build argument 'catkin_cmake_args' from command line to 'None'
[0.409s] Level 5:colcon.colcon_core.verb:set package 'welder_control' build argument 'catkin_skip_building_tests' from command line to 'False'
[0.409s] DEBUG:colcon.colcon_core.verb:Building package 'welder_control' with the following arguments: {'ament_cmake_args': None, 'build_base': '/home/andre/robo_arm_ws/build/welder_control', 'catkin_cmake_args': None, 'catkin_skip_building_tests': False, 'cmake_args': None, 'cmake_clean_cache': False, 'cmake_clean_first': False, 'cmake_force_configure': False, 'cmake_target': None, 'cmake_target_skip_unavailable': False, 'install_base': '/home/andre/robo_arm_ws/install/welder_control', 'merge_install': False, 'path': '/home/andre/robo_arm_ws/src/welder_control', 'symlink_install': False, 'test_result_base': None}
[0.409s] Level 5:colcon.colcon_core.verb:set package 'welder_description' build argument 'cmake_args' from command line to 'None'
[0.409s] Level 5:colcon.colcon_core.verb:set package 'welder_description' build argument 'cmake_target' from command line to 'None'
[0.409s] Level 5:colcon.colcon_core.verb:set package 'welder_description' build argument 'cmake_target_skip_unavailable' from command line to 'False'
[0.409s] Level 5:colcon.colcon_core.verb:set package 'welder_description' build argument 'cmake_clean_cache' from command line to 'False'
[0.409s] Level 5:colcon.colcon_core.verb:set package 'welder_description' build argument 'cmake_clean_first' from command line to 'False'
[0.409s] Level 5:colcon.colcon_core.verb:set package 'welder_description' build argument 'cmake_force_configure' from command line to 'False'
[0.409s] Level 5:colcon.colcon_core.verb:set package 'welder_description' build argument 'ament_cmake_args' from command line to 'None'
[0.409s] Level 5:colcon.colcon_core.verb:set package 'welder_description' build argument 'catkin_cmake_args' from command line to 'None'
[0.409s] Level 5:colcon.colcon_core.verb:set package 'welder_description' build argument 'catkin_skip_building_tests' from command line to 'False'
[0.409s] DEBUG:colcon.colcon_core.verb:Building package 'welder_description' with the following arguments: {'ament_cmake_args': None, 'build_base': '/home/andre/robo_arm_ws/build/welder_description', 'catkin_cmake_args': None, 'catkin_skip_building_tests': False, 'cmake_args': None, 'cmake_clean_cache': False, 'cmake_clean_first': False, 'cmake_force_configure': False, 'cmake_target': None, 'cmake_target_skip_unavailable': False, 'install_base': '/home/andre/robo_arm_ws/install/welder_description', 'merge_install': False, 'path': '/home/andre/robo_arm_ws/src/welder_description', 'symlink_install': False, 'test_result_base': None}
[0.410s] Level 5:colcon.colcon_core.verb:set package 'welder_moveit_config' build argument 'cmake_args' from command line to 'None'
[0.410s] Level 5:colcon.colcon_core.verb:set package 'welder_moveit_config' build argument 'cmake_target' from command line to 'None'
[0.410s] Level 5:colcon.colcon_core.verb:set package 'welder_moveit_config' build argument 'cmake_target_skip_unavailable' from command line to 'False'
[0.410s] Level 5:colcon.colcon_core.verb:set package 'welder_moveit_config' build argument 'cmake_clean_cache' from command line to 'False'
[0.410s] Level 5:colcon.colcon_core.verb:set package 'welder_moveit_config' build argument 'cmake_clean_first' from command line to 'False'
[0.410s] Level 5:colcon.colcon_core.verb:set package 'welder_moveit_config' build argument 'cmake_force_configure' from command line to 'False'
[0.410s] Level 5:colcon.colcon_core.verb:set package 'welder_moveit_config' build argument 'ament_cmake_args' from command line to 'None'
[0.410s] Level 5:colcon.colcon_core.verb:set package 'welder_moveit_config' build argument 'catkin_cmake_args' from command line to 'None'
[0.410s] Level 5:colcon.colcon_core.verb:set package 'welder_moveit_config' build argument 'catkin_skip_building_tests' from command line to 'False'
[0.410s] DEBUG:colcon.colcon_core.verb:Building package 'welder_moveit_config' with the following arguments: {'ament_cmake_args': None, 'build_base': '/home/andre/robo_arm_ws/build/welder_moveit_config', 'catkin_cmake_args': None, 'catkin_skip_building_tests': False, 'cmake_args': None, 'cmake_clean_cache': False, 'cmake_clean_first': False, 'cmake_force_configure': False, 'cmake_target': None, 'cmake_target_skip_unavailable': False, 'install_base': '/home/andre/robo_arm_ws/install/welder_moveit_config', 'merge_install': False, 'path': '/home/andre/robo_arm_ws/src/welder_moveit_config', 'symlink_install': False, 'test_result_base': None}
[0.410s] INFO:colcon.colcon_core.executor:Executing jobs using 'parallel' executor
[0.411s] DEBUG:colcon.colcon_parallel_executor.executor.parallel:run_until_complete
[0.411s] INFO:colcon.colcon_ros.task.ament_python.build:Building ROS package in '/home/andre/robo_arm_ws/src/welder_description' with build type 'ament_python'
[0.412s] Level 1:colcon.colcon_core.shell:create_environment_hook('welder_description', 'ament_prefix_path')
[0.414s] INFO:colcon.colcon_core.plugin_system:Skipping extension 'colcon_core.shell.bat': Not used on non-Windows systems
[0.414s] INFO:colcon.colcon_core.shell:Creating environment hook '/home/andre/robo_arm_ws/install/welder_description/share/welder_description/hook/ament_prefix_path.ps1'
[0.415s] INFO:colcon.colcon_core.shell:Creating environment descriptor '/home/andre/robo_arm_ws/install/welder_description/share/welder_description/hook/ament_prefix_path.dsv'
[0.416s] INFO:colcon.colcon_core.shell:Creating environment hook '/home/andre/robo_arm_ws/install/welder_description/share/welder_description/hook/ament_prefix_path.sh'
[0.417s] INFO:colcon.colcon_core.shell:Skip shell extension 'powershell' for command environment: Not usable outside of PowerShell
[0.417s] DEBUG:colcon.colcon_core.shell:Skip shell extension 'dsv' for command environment
[0.421s] INFO:colcon.colcon_ros.task.ament_python.build:Building ROS package in '/home/andre/robo_arm_ws/src/welder_control' with build type 'ament_python'
[0.421s] Level 1:colcon.colcon_core.shell:create_environment_hook('welder_control', 'ament_prefix_path')
[0.421s] INFO:colcon.colcon_core.shell:Creating environment hook '/home/andre/robo_arm_ws/install/welder_control/share/welder_control/hook/ament_prefix_path.ps1'
[0.422s] INFO:colcon.colcon_core.shell:Creating environment descriptor '/home/andre/robo_arm_ws/install/welder_control/share/welder_control/hook/ament_prefix_path.dsv'
[0.422s] INFO:colcon.colcon_core.shell:Creating environment hook '/home/andre/robo_arm_ws/install/welder_control/share/welder_control/hook/ament_prefix_path.sh'
[0.423s] INFO:colcon.colcon_core.shell:Skip shell extension 'powershell' for command environment: Not usable outside of PowerShell
[0.423s] DEBUG:colcon.colcon_core.shell:Skip shell extension 'dsv' for command environment
[0.784s] INFO:colcon.colcon_core.task.python.build:Building Python package in '/home/andre/robo_arm_ws/src/welder_description'
[0.785s] INFO:colcon.colcon_core.shell:Skip shell extension 'powershell' for command environment: Not usable outside of PowerShell
[0.785s] DEBUG:colcon.colcon_core.shell:Skip shell extension 'dsv' for command environment
[1.077s] INFO:colcon.colcon_core.task.python.build:Building Python package in '/home/andre/robo_arm_ws/src/welder_control'
[1.078s] INFO:colcon.colcon_core.shell:Skip shell extension 'powershell' for command environment: Not usable outside of PowerShell
[1.078s] DEBUG:colcon.colcon_core.shell:Skip shell extension 'dsv' for command environment
[1.508s] DEBUG:colcon.colcon_core.event_handler.log_command:Invoking command in '/home/andre/robo_arm_ws/src/welder_description': PYTHONPATH=/home/andre/robo_arm_ws/build/welder_description/prefix_override:/home/andre/robo_arm_ws/install/welder_description/lib/python3.10/site-packages:${PYTHONPATH} /usr/bin/python3 -W ignore:setup.py install is deprecated setup.py egg_info --egg-base ../../build/welder_description build --build-base /home/andre/robo_arm_ws/build/welder_description/build install --record /home/andre/robo_arm_ws/build/welder_description/install.log --single-version-externally-managed install_data
[1.518s] DEBUG:colcon.colcon_core.event_handler.log_command:Invoking command in '/home/andre/robo_arm_ws/src/welder_control': PYTHONPATH=/home/andre/robo_arm_ws/build/welder_control/prefix_override:/home/andre/robo_arm_ws/install/welder_control/lib/python3.10/site-packages:${PYTHONPATH} /usr/bin/python3 -W ignore:setup.py install is deprecated setup.py egg_info --egg-base ../../build/welder_control build --build-base /home/andre/robo_arm_ws/build/welder_control/build install --record /home/andre/robo_arm_ws/build/welder_control/install.log --single-version-externally-managed install_data
[1.864s] DEBUG:colcon.colcon_core.event_handler.log_command:Invoked command in '/home/andre/robo_arm_ws/src/welder_description' returned '0': PYTHONPATH=/home/andre/robo_arm_ws/build/welder_description/prefix_override:/home/andre/robo_arm_ws/install/welder_description/lib/python3.10/site-packages:${PYTHONPATH} /usr/bin/python3 -W ignore:setup.py install is deprecated setup.py egg_info --egg-base ../../build/welder_description build --build-base /home/andre/robo_arm_ws/build/welder_description/build install --record /home/andre/robo_arm_ws/build/welder_description/install.log --single-version-externally-managed install_data
[1.868s] Level 1:colcon.colcon_core.environment:checking '/home/andre/robo_arm_ws/install/welder_description' for CMake module files
[1.869s] Level 1:colcon.colcon_core.environment:checking '/home/andre/robo_arm_ws/install/welder_description' for CMake config files
[1.871s] Level 1:colcon.colcon_core.environment:checking '/home/andre/robo_arm_ws/install/welder_description/lib'
[1.871s] Level 1:colcon.colcon_core.environment:checking '/home/andre/robo_arm_ws/install/welder_description/bin'
[1.872s] Level 1:colcon.colcon_core.environment:checking '/home/andre/robo_arm_ws/install/welder_description/lib/pkgconfig/welder_description.pc'
[1.872s] Level 1:colcon.colcon_core.environment:checking '/home/andre/robo_arm_ws/install/welder_description/lib/python3.10/site-packages'
[1.872s] Level 1:colcon.colcon_core.shell:create_environment_hook('welder_description', 'pythonpath')
[1.873s] INFO:colcon.colcon_core.shell:Creating environment hook '/home/andre/robo_arm_ws/install/welder_description/share/welder_description/hook/pythonpath.ps1'
[1.874s] INFO:colcon.colcon_core.shell:Creating environment descriptor '/home/andre/robo_arm_ws/install/welder_description/share/welder_description/hook/pythonpath.dsv'
[1.875s] INFO:colcon.colcon_core.shell:Creating environment hook '/home/andre/robo_arm_ws/install/welder_description/share/welder_description/hook/pythonpath.sh'
[1.876s] Level 1:colcon.colcon_core.environment:checking '/home/andre/robo_arm_ws/install/welder_description/bin'
[1.876s] Level 1:colcon.colcon_core.environment:create_environment_scripts_only(welder_description)
[1.877s] INFO:colcon.colcon_core.shell:Creating package script '/home/andre/robo_arm_ws/install/welder_description/share/welder_description/package.ps1'
[1.879s] INFO:colcon.colcon_core.shell:Creating package descriptor '/home/andre/robo_arm_ws/install/welder_description/share/welder_description/package.dsv'
[1.881s] INFO:colcon.colcon_core.shell:Creating package script '/home/andre/robo_arm_ws/install/welder_description/share/welder_description/package.sh'
[1.883s] INFO:colcon.colcon_core.shell:Creating package script '/home/andre/robo_arm_ws/install/welder_description/share/welder_description/package.bash'
[1.885s] INFO:colcon.colcon_core.shell:Creating package script '/home/andre/robo_arm_ws/install/welder_description/share/welder_description/package.zsh'
[1.886s] Level 1:colcon.colcon_core.environment:create_file_with_runtime_dependencies(/home/andre/robo_arm_ws/install/welder_description/share/colcon-core/packages/welder_description)
[1.888s] INFO:colcon.colcon_ros.task.ament_cmake.build:Building ROS package in '/home/andre/robo_arm_ws/src/welder_moveit_config' with build type 'ament_cmake'
[1.889s] INFO:colcon.colcon_cmake.task.cmake.build:Building CMake package in '/home/andre/robo_arm_ws/src/welder_moveit_config'
[1.889s] INFO:colcon.colcon_core.shell:Skip shell extension 'powershell' for command environment: Not usable outside of PowerShell
[1.890s] DEBUG:colcon.colcon_core.shell:Skip shell extension 'dsv' for command environment
[1.903s] Level 1:colcon.colcon_core.environment:checking '/home/andre/robo_arm_ws/install/welder_control' for CMake module files
[1.904s] DEBUG:colcon.colcon_core.event_handler.log_command:Invoked command in '/home/andre/robo_arm_ws/src/welder_control' returned '0': PYTHONPATH=/home/andre/robo_arm_ws/build/welder_control/prefix_override:/home/andre/robo_arm_ws/install/welder_control/lib/python3.10/site-packages:${PYTHONPATH} /usr/bin/python3 -W ignore:setup.py install is deprecated setup.py egg_info --egg-base ../../build/welder_control build --build-base /home/andre/robo_arm_ws/build/welder_control/build install --record /home/andre/robo_arm_ws/build/welder_control/install.log --single-version-externally-managed install_data
[1.905s] Level 1:colcon.colcon_core.environment:checking '/home/andre/robo_arm_ws/install/welder_control' for CMake config files
[1.906s] Level 1:colcon.colcon_core.environment:checking '/home/andre/robo_arm_ws/install/welder_control/lib'
[1.907s] Level 1:colcon.colcon_core.environment:checking '/home/andre/robo_arm_ws/install/welder_control/bin'
[1.907s] Level 1:colcon.colcon_core.environment:checking '/home/andre/robo_arm_ws/install/welder_control/lib/pkgconfig/welder_control.pc'
[1.908s] Level 1:colcon.colcon_core.environment:checking '/home/andre/robo_arm_ws/install/welder_control/lib/python3.10/site-packages'
[1.908s] Level 1:colcon.colcon_core.shell:create_environment_hook('welder_control', 'pythonpath')
[1.909s] INFO:colcon.colcon_core.shell:Creating environment hook '/home/andre/robo_arm_ws/install/welder_control/share/welder_control/hook/pythonpath.ps1'
[1.910s] INFO:colcon.colcon_core.shell:Creating environment descriptor '/home/andre/robo_arm_ws/install/welder_control/share/welder_control/hook/pythonpath.dsv'
[1.912s] INFO:colcon.colcon_core.shell:Creating environment hook '/home/andre/robo_arm_ws/install/welder_control/share/welder_control/hook/pythonpath.sh'
[1.913s] Level 1:colcon.colcon_core.environment:checking '/home/andre/robo_arm_ws/install/welder_control/bin'
[1.913s] Level 1:colcon.colcon_core.environment:create_environment_scripts_only(welder_control)
[1.914s] INFO:colcon.colcon_core.shell:Creating package script '/home/andre/robo_arm_ws/install/welder_control/share/welder_control/package.ps1'
[1.916s] INFO:colcon.colcon_core.shell:Creating package descriptor '/home/andre/robo_arm_ws/install/welder_control/share/welder_control/package.dsv'
[1.917s] INFO:colcon.colcon_core.shell:Creating package script '/home/andre/robo_arm_ws/install/welder_control/share/welder_control/package.sh'
[1.919s] INFO:colcon.colcon_core.shell:Creating package script '/home/andre/robo_arm_ws/install/welder_control/share/welder_control/package.bash'
[1.920s] INFO:colcon.colcon_core.shell:Creating package script '/home/andre/robo_arm_ws/install/welder_control/share/welder_control/package.zsh'
[1.921s] Level 1:colcon.colcon_core.environment:create_file_with_runtime_dependencies(/home/andre/robo_arm_ws/install/welder_control/share/colcon-core/packages/welder_control)
[1.929s] DEBUG:colcon.colcon_core.event_handler.log_command:Invoking command in '/home/andre/robo_arm_ws/build/welder_moveit_config': AMENT_PREFIX_PATH=/home/andre/robo_arm_ws/install/welder_description:${AMENT_PREFIX_PATH} CMAKE_PREFIX_PATH=${CMAKE_PREFIX_PATH}:/home/andre/ros2_ws/install/my_robot_controller:/opt/ros/humble PYTHONPATH=/home/andre/robo_arm_ws/install/welder_description/lib/python3.10/site-packages:${PYTHONPATH} /usr/bin/cmake --build /home/andre/robo_arm_ws/build/welder_moveit_config -- -j8 -l8
[1.986s] DEBUG:colcon.colcon_core.event_handler.log_command:Invoked command in '/home/andre/robo_arm_ws/build/welder_moveit_config' returned '0': AMENT_PREFIX_PATH=/home/andre/robo_arm_ws/install/welder_description:${AMENT_PREFIX_PATH} CMAKE_PREFIX_PATH=${CMAKE_PREFIX_PATH}:/home/andre/ros2_ws/install/my_robot_controller:/opt/ros/humble PYTHONPATH=/home/andre/robo_arm_ws/install/welder_description/lib/python3.10/site-packages:${PYTHONPATH} /usr/bin/cmake --build /home/andre/robo_arm_ws/build/welder_moveit_config -- -j8 -l8
[2.030s] DEBUG:colcon.colcon_core.event_handler.log_command:Invoking command in '/home/andre/robo_arm_ws/build/welder_moveit_config': AMENT_PREFIX_PATH=/home/andre/robo_arm_ws/install/welder_description:${AMENT_PREFIX_PATH} CMAKE_PREFIX_PATH=${CMAKE_PREFIX_PATH}:/home/andre/ros2_ws/install/my_robot_controller:/opt/ros/humble PYTHONPATH=/home/andre/robo_arm_ws/install/welder_description/lib/python3.10/site-packages:${PYTHONPATH} /usr/bin/cmake --install /home/andre/robo_arm_ws/build/welder_moveit_config
[2.042s] DEBUG:colcon.colcon_core.event_handler.log_command:Invoked command in '/home/andre/robo_arm_ws/build/welder_moveit_config' returned '1': AMENT_PREFIX_PATH=/home/andre/robo_arm_ws/install/welder_description:${AMENT_PREFIX_PATH} CMAKE_PREFIX_PATH=${CMAKE_PREFIX_PATH}:/home/andre/ros2_ws/install/my_robot_controller:/opt/ros/humble PYTHONPATH=/home/andre/robo_arm_ws/install/welder_description/lib/python3.10/site-packages:${PYTHONPATH} /usr/bin/cmake --install /home/andre/robo_arm_ws/build/welder_moveit_config
[2.063s] Level 1:colcon.colcon_core.environment:create_environment_scripts_only(welder_moveit_config)
[2.063s] Level 1:colcon.colcon_core.environment:checking '/home/andre/robo_arm_ws/install/welder_moveit_config' for CMake module files
[2.064s] Level 1:colcon.colcon_core.environment:checking '/home/andre/robo_arm_ws/install/welder_moveit_config' for CMake config files
[2.064s] Level 1:colcon.colcon_core.shell:create_environment_hook('welder_moveit_config', 'cmake_prefix_path')
[2.064s] INFO:colcon.colcon_core.shell:Creating environment hook '/home/andre/robo_arm_ws/install/welder_moveit_config/share/welder_moveit_config/hook/cmake_prefix_path.ps1'
[2.065s] INFO:colcon.colcon_core.shell:Creating environment descriptor '/home/andre/robo_arm_ws/install/welder_moveit_config/share/welder_moveit_config/hook/cmake_prefix_path.dsv'
[2.065s] INFO:colcon.colcon_core.shell:Creating environment hook '/home/andre/robo_arm_ws/install/welder_moveit_config/share/welder_moveit_config/hook/cmake_prefix_path.sh'
[2.066s] Level 1:colcon.colcon_core.environment:checking '/home/andre/robo_arm_ws/install/welder_moveit_config/bin'
[2.066s] Level 1:colcon.colcon_core.environment:checking '/home/andre/robo_arm_ws/install/welder_moveit_config/lib/pkgconfig/welder_moveit_config.pc'
[2.066s] Level 1:colcon.colcon_core.environment:checking '/home/andre/robo_arm_ws/install/welder_moveit_config/lib/python3.10/site-packages'
[2.066s] Level 1:colcon.colcon_core.environment:checking '/home/andre/robo_arm_ws/install/welder_moveit_config/bin'
[2.067s] INFO:colcon.colcon_core.shell:Creating package script '/home/andre/robo_arm_ws/install/welder_moveit_config/share/welder_moveit_config/package.ps1'
[2.067s] INFO:colcon.colcon_core.shell:Creating package descriptor '/home/andre/robo_arm_ws/install/welder_moveit_config/share/welder_moveit_config/package.dsv'
[2.067s] INFO:colcon.colcon_core.shell:Creating package script '/home/andre/robo_arm_ws/install/welder_moveit_config/share/welder_moveit_config/package.sh'
[2.068s] INFO:colcon.colcon_core.shell:Creating package script '/home/andre/robo_arm_ws/install/welder_moveit_config/share/welder_moveit_config/package.bash'
[2.068s] INFO:colcon.colcon_core.shell:Creating package script '/home/andre/robo_arm_ws/install/welder_moveit_config/share/welder_moveit_config/package.zsh'
[2.069s] Level 1:colcon.colcon_core.environment:create_file_with_runtime_dependencies(/home/andre/robo_arm_ws/install/welder_moveit_config/share/colcon-core/packages/welder_moveit_config)
[2.079s] DEBUG:colcon.colcon_parallel_executor.executor.parallel:closing loop
[2.079s] DEBUG:colcon.colcon_parallel_executor.executor.parallel:loop closed
[2.079s] DEBUG:colcon.colcon_parallel_executor.executor.parallel:run_until_complete finished with '1'
[2.079s] DEBUG:colcon.colcon_core.event_reactor:joining thread
[2.086s] INFO:colcon.colcon_core.plugin_system:Skipping extension 'colcon_notification.desktop_notification.terminal_notifier': Not used on non-Darwin systems
[2.086s] INFO:colcon.colcon_core.plugin_system:Skipping extension 'colcon_notification.desktop_notification.win32': Not used on non-Windows systems
[2.086s] INFO:colcon.colcon_notification.desktop_notification:Sending desktop notification using 'notify2'
[2.102s] DEBUG:colcon.colcon_core.event_reactor:joined thread
[2.103s] INFO:colcon.colcon_core.shell:Creating prefix script '/home/andre/robo_arm_ws/install/local_setup.ps1'
[2.104s] INFO:colcon.colcon_core.shell:Creating prefix util module '/home/andre/robo_arm_ws/install/_local_setup_util_ps1.py'
[2.107s] INFO:colcon.colcon_core.shell:Creating prefix chain script '/home/andre/robo_arm_ws/install/setup.ps1'
[2.108s] INFO:colcon.colcon_core.shell:Creating prefix script '/home/andre/robo_arm_ws/install/local_setup.sh'
[2.109s] INFO:colcon.colcon_core.shell:Creating prefix util module '/home/andre/robo_arm_ws/install/_local_setup_util_sh.py'
[2.110s] INFO:colcon.colcon_core.shell:Creating prefix chain script '/home/andre/robo_arm_ws/install/setup.sh'
[2.112s] INFO:colcon.colcon_core.shell:Creating prefix script '/home/andre/robo_arm_ws/install/local_setup.bash'
[2.113s] INFO:colcon.colcon_core.shell:Creating prefix chain script '/home/andre/robo_arm_ws/install/setup.bash'
[2.115s] INFO:colcon.colcon_core.shell:Creating prefix script '/home/andre/robo_arm_ws/install/local_setup.zsh'
[2.116s] INFO:colcon.colcon_core.shell:Creating prefix chain script '/home/andre/robo_arm_ws/install/setup.zsh'
